<?xml version="1.0" encoding="UTF-8"?>
<testng-results skipped="0" failed="0" total="1" passed="1">
  <reporter-output>
  </reporter-output>
  <suite name="Default suite" duration-ms="8496" started-at="2019-08-07T04:18:10Z" finished-at="2019-08-07T04:18:19Z">
    <groups>
    </groups>
    <test name="Default test" duration-ms="8496" started-at="2019-08-07T04:18:10Z" finished-at="2019-08-07T04:18:19Z">
      <class name="com.atmecs.testscripts.FAQMenuAutomationScripts">
        <test-method status="PASS" signature="setup()[pri:0, instance:com.atmecs.testscripts.FAQMenuAutomationScripts@62043840]" name="setup" is-config="true" duration-ms="6603" started-at="2019-08-07T09:48:10Z" finished-at="2019-08-07T09:48:17Z">
          <reporter-output>
          </reporter-output>
        </test-method> <!-- setup -->
        <test-method status="PASS" signature="faq()[pri:0, instance:com.atmecs.testscripts.FAQMenuAutomationScripts@62043840]" name="faq" duration-ms="784" started-at="2019-08-07T09:48:17Z" finished-at="2019-08-07T09:48:17Z">
          <reporter-output>
          </reporter-output>
        </test-method> <!-- faq -->
        <test-method status="PASS" signature="teardown()[pri:0, instance:com.atmecs.testscripts.FAQMenuAutomationScripts@62043840]" name="teardown" is-config="true" duration-ms="1090" started-at="2019-08-07T09:48:17Z" finished-at="2019-08-07T09:48:19Z">
          <reporter-output>
          </reporter-output>
        </test-method> <!-- teardown -->
      </class> <!-- com.atmecs.testscripts.FAQMenuAutomationScripts -->
    </test> <!-- Default test -->
  </suite> <!-- Default suite -->
</testng-results>
